This is pdfTeX, Version 3.14159265-2.6-1.40.21 (TeX Live 2020/W32TeX) (preloaded format=pdflatex 2020.12.20)  22 DEC 2020 19:38
entering extended mode
 restricted \write18 enabled.
 %&-line parsing enabled.
**PRAC2_Limpieza_Analisis_Datos---Sales.tex
(./PRAC2_Limpieza_Analisis_Datos---Sales.tex
LaTeX2e <2020-10-01> patch level 2
L3 programming layer <2020-12-07> xparse <2020-03-03>
(c:/Users/USUARIO/AppData/Roaming/TinyTeX/texmf-dist/tex/latex/base/article.cls
Document Class: article 2020/04/10 v1.4m Standard LaTeX document class
(c:/Users/USUARIO/AppData/Roaming/TinyTeX/texmf-dist/tex/latex/base/size10.clo
File: size10.clo 2020/04/10 v1.4m Standard LaTeX file (size option)
)
\c@part=\count177
\c@section=\count178
\c@subsection=\count179
\c@subsubsection=\count180
\c@paragraph=\count181
\c@subparagraph=\count182
\c@figure=\count183
\c@table=\count184
\abovecaptionskip=\skip47
\belowcaptionskip=\skip48
\bibindent=\dimen138
) (c:/Users/USUARIO/AppData/Roaming/TinyTeX/texmf-dist/tex/latex/lm/lmodern.sty
Package: lmodern 2009/10/30 v1.6 Latin Modern Fonts
LaTeX Font Info:    Overwriting symbol font `operators' in version `normal'
(Font)                  OT1/cmr/m/n --> OT1/lmr/m/n on input line 22.
LaTeX Font Info:    Overwriting symbol font `letters' in version `normal'
(Font)                  OML/cmm/m/it --> OML/lmm/m/it on input line 23.
LaTeX Font Info:    Overwriting symbol font `symbols' in version `normal'
(Font)                  OMS/cmsy/m/n --> OMS/lmsy/m/n on input line 24.
LaTeX Font Info:    Overwriting symbol font `largesymbols' in version `normal'
(Font)                  OMX/cmex/m/n --> OMX/lmex/m/n on input line 25.
LaTeX Font Info:    Overwriting symbol font `operators' in version `bold'
(Font)                  OT1/cmr/bx/n --> OT1/lmr/bx/n on input line 26.
LaTeX Font Info:    Overwriting symbol font `letters' in version `bold'
(Font)                  OML/cmm/b/it --> OML/lmm/b/it on input line 27.
LaTeX Font Info:    Overwriting symbol font `symbols' in version `bold'
(Font)                  OMS/cmsy/b/n --> OMS/lmsy/b/n on input line 28.
LaTeX Font Info:    Overwriting symbol font `largesymbols' in version `bold'
(Font)                  OMX/cmex/m/n --> OMX/lmex/m/n on input line 29.
LaTeX Font Info:    Overwriting math alphabet `\mathbf' in version `normal'
(Font)                  OT1/cmr/bx/n --> OT1/lmr/bx/n on input line 31.
LaTeX Font Info:    Overwriting math alphabet `\mathsf' in version `normal'
(Font)                  OT1/cmss/m/n --> OT1/lmss/m/n on input line 32.
LaTeX Font Info:    Overwriting math alphabet `\mathit' in version `normal'
(Font)                  OT1/cmr/m/it --> OT1/lmr/m/it on input line 33.
LaTeX Font Info:    Overwriting math alphabet `\mathtt' in version `normal'
(Font)                  OT1/cmtt/m/n --> OT1/lmtt/m/n on input line 34.
LaTeX Font Info:    Overwriting math alphabet `\mathbf' in version `bold'
(Font)                  OT1/cmr/bx/n --> OT1/lmr/bx/n on input line 35.
LaTeX Font Info:    Overwriting math alphabet `\mathsf' in version `bold'
(Font)                  OT1/cmss/bx/n --> OT1/lmss/bx/n on input line 36.
LaTeX Font Info:    Overwriting math alphabet `\mathit' in version `bold'
(Font)                  OT1/cmr/bx/it --> OT1/lmr/bx/it on input line 37.
LaTeX Font Info:    Overwriting math alphabet `\mathtt' in version `bold'
(Font)                  OT1/cmtt/m/n --> OT1/lmtt/m/n on input line 38.
)
(c:/Users/USUARIO/AppData/Roaming/TinyTeX/texmf-dist/tex/latex/amsfonts/amssymb
.sty
Package: amssymb 2013/01/14 v3.01 AMS font symbols

(c:/Users/USUARIO/AppData/Roaming/TinyTeX/texmf-dist/tex/latex/amsfonts/amsfont
s.sty
Package: amsfonts 2013/01/14 v3.01 Basic AMSFonts support
\@emptytoks=\toks15
\symAMSa=\mathgroup4
\symAMSb=\mathgroup5
LaTeX Font Info:    Redeclaring math symbol \hbar on input line 98.
LaTeX Font Info:    Overwriting math alphabet `\mathfrak' in version `bold'
(Font)                  U/euf/m/n --> U/euf/b/n on input line 106.
))
(c:/Users/USUARIO/AppData/Roaming/TinyTeX/texmf-dist/tex/latex/amsmath/amsmath.
sty
Package: amsmath 2020/09/23 v2.17i AMS math features
\@mathmargin=\skip49
For additional information on amsmath, use the `?' option.

(c:/Users/USUARIO/AppData/Roaming/TinyTeX/texmf-dist/tex/latex/amsmath/amstext.
sty
Package: amstext 2000/06/29 v2.01 AMS text

(c:/Users/USUARIO/AppData/Roaming/TinyTeX/texmf-dist/tex/latex/amsmath/amsgen.s
ty
File: amsgen.sty 1999/11/30 v2.0 generic functions
\@emptytoks=\toks16
\ex@=\dimen139
))
(c:/Users/USUARIO/AppData/Roaming/TinyTeX/texmf-dist/tex/latex/amsmath/amsbsy.s
ty
Package: amsbsy 1999/11/29 v1.2d Bold Symbols
\pmbraise@=\dimen140
)
(c:/Users/USUARIO/AppData/Roaming/TinyTeX/texmf-dist/tex/latex/amsmath/amsopn.s
ty
Package: amsopn 2016/03/08 v2.02 operator names
)
\inf@bad=\count185
LaTeX Info: Redefining \frac on input line 234.
\uproot@=\count186
\leftroot@=\count187
LaTeX Info: Redefining \overline on input line 399.
\classnum@=\count188
\DOTSCASE@=\count189
LaTeX Info: Redefining \ldots on input line 496.
LaTeX Info: Redefining \dots on input line 499.
LaTeX Info: Redefining \cdots on input line 620.
\Mathstrutbox@=\box47
\strutbox@=\box48
\big@size=\dimen141
LaTeX Font Info:    Redeclaring font encoding OML on input line 743.
LaTeX Font Info:    Redeclaring font encoding OMS on input line 744.
\macc@depth=\count190
\c@MaxMatrixCols=\count191
\dotsspace@=\muskip16
\c@parentequation=\count192
\dspbrk@lvl=\count193
\tag@help=\toks17
\row@=\count194
\column@=\count195
\maxfields@=\count196
\andhelp@=\toks18
\eqnshift@=\dimen142
\alignsep@=\dimen143
\tagshift@=\dimen144
\tagwidth@=\dimen145
\totwidth@=\dimen146
\lineht@=\dimen147
\@envbody=\toks19
\multlinegap=\skip50
\multlinetaggap=\skip51
\mathdisplay@stack=\toks20
LaTeX Info: Redefining \[ on input line 2923.
LaTeX Info: Redefining \] on input line 2924.
)
(c:/Users/USUARIO/AppData/Roaming/TinyTeX/texmf-dist/tex/generic/iftex/ifxetex.
sty
Package: ifxetex 2019/10/25 v0.7 ifxetex legacy package. Use iftex instead.

(c:/Users/USUARIO/AppData/Roaming/TinyTeX/texmf-dist/tex/generic/iftex/iftex.st
y
Package: iftex 2020/03/06 v1.0d TeX engine tests
))
(c:/Users/USUARIO/AppData/Roaming/TinyTeX/texmf-dist/tex/generic/iftex/ifluatex
.sty
Package: ifluatex 2019/10/25 v1.5 ifluatex legacy package. Use iftex instead.
)
(c:/Users/USUARIO/AppData/Roaming/TinyTeX/texmf-dist/tex/latex/base/fontenc.sty
Package: fontenc 2020/08/10 v2.0s Standard LaTeX package
LaTeX Font Info:    Trying to load font information for T1+lmr on input line 11
2.
(c:/Users/USUARIO/AppData/Roaming/TinyTeX/texmf-dist/tex/latex/lm/t1lmr.fd
File: t1lmr.fd 2009/10/30 v1.6 Font defs for Latin Modern
))
(c:/Users/USUARIO/AppData/Roaming/TinyTeX/texmf-dist/tex/latex/base/inputenc.st
y
Package: inputenc 2020/08/01 v1.3d Input encoding file
\inpenc@prehook=\toks21
\inpenc@posthook=\toks22
)
(c:/Users/USUARIO/AppData/Roaming/TinyTeX/texmf-dist/tex/latex/base/textcomp.st
y
Package: textcomp 2020/02/02 v2.0n Standard LaTeX package
)
(c:/Users/USUARIO/AppData/Roaming/TinyTeX/texmf-dist/tex/latex/upquote/upquote.
sty
Package: upquote 2012/04/19 v1.3 upright-quote and grave-accent glyphs in verba
tim
)
(c:/Users/USUARIO/AppData/Roaming/TinyTeX/texmf-dist/tex/latex/xcolor/xcolor.st
y
Package: xcolor 2016/05/11 v2.12 LaTeX color extensions (UK)

(c:/Users/USUARIO/AppData/Roaming/TinyTeX/texmf-dist/tex/latex/graphics-cfg/col
or.cfg
File: color.cfg 2016/01/02 v1.6 sample color configuration
)
Package xcolor Info: Driver file: pdftex.def on input line 225.

(c:/Users/USUARIO/AppData/Roaming/TinyTeX/texmf-dist/tex/latex/graphics-def/pdf
tex.def
File: pdftex.def 2020/10/05 v1.2a Graphics/color driver for pdftex
)
Package xcolor Info: Model `cmy' substituted by `cmy0' on input line 1348.
Package xcolor Info: Model `hsb' substituted by `rgb' on input line 1352.
Package xcolor Info: Model `RGB' extended on input line 1364.
Package xcolor Info: Model `HTML' substituted by `rgb' on input line 1366.
Package xcolor Info: Model `Hsb' substituted by `hsb' on input line 1367.
Package xcolor Info: Model `tHsb' substituted by `hsb' on input line 1368.
Package xcolor Info: Model `HSB' substituted by `hsb' on input line 1369.
Package xcolor Info: Model `Gray' substituted by `gray' on input line 1370.
Package xcolor Info: Model `wave' substituted by `hsb' on input line 1371.
)
(c:/Users/USUARIO/AppData/Roaming/TinyTeX/texmf-dist/tex/latex/hyperref/hyperre
f.sty
Package: hyperref 2020-05-15 v7.00e Hypertext links for LaTeX

(c:/Users/USUARIO/AppData/Roaming/TinyTeX/texmf-dist/tex/generic/ltxcmds/ltxcmd
s.sty
Package: ltxcmds 2020-05-10 v1.25 LaTeX kernel commands for general use (HO)
)
(c:/Users/USUARIO/AppData/Roaming/TinyTeX/texmf-dist/tex/generic/pdftexcmds/pdf
texcmds.sty
Package: pdftexcmds 2020-06-27 v0.33 Utility functions of pdfTeX for LuaTeX (HO
)

(c:/Users/USUARIO/AppData/Roaming/TinyTeX/texmf-dist/tex/generic/infwarerr/infw
arerr.sty
Package: infwarerr 2019/12/03 v1.5 Providing info/warning/error messages (HO)
)
Package pdftexcmds Info: \pdf@primitive is available.
Package pdftexcmds Info: \pdf@ifprimitive is available.
Package pdftexcmds Info: \pdfdraftmode found.
)
(c:/Users/USUARIO/AppData/Roaming/TinyTeX/texmf-dist/tex/latex/graphics/keyval.
sty
Package: keyval 2014/10/28 v1.15 key=value parser (DPC)
\KV@toks@=\toks23
)
(c:/Users/USUARIO/AppData/Roaming/TinyTeX/texmf-dist/tex/generic/kvsetkeys/kvse
tkeys.sty
Package: kvsetkeys 2019/12/15 v1.18 Key value parser (HO)
)
(c:/Users/USUARIO/AppData/Roaming/TinyTeX/texmf-dist/tex/generic/kvdefinekeys/k
vdefinekeys.sty
Package: kvdefinekeys 2019-12-19 v1.6 Define keys (HO)
)
(c:/Users/USUARIO/AppData/Roaming/TinyTeX/texmf-dist/tex/generic/pdfescape/pdfe
scape.sty
Package: pdfescape 2019/12/09 v1.15 Implements pdfTeX's escape features (HO)
)
(c:/Users/USUARIO/AppData/Roaming/TinyTeX/texmf-dist/tex/latex/hycolor/hycolor.
sty
Package: hycolor 2020-01-27 v1.10 Color options for hyperref/bookmark (HO)
)
(c:/Users/USUARIO/AppData/Roaming/TinyTeX/texmf-dist/tex/latex/letltxmacro/letl
txmacro.sty
Package: letltxmacro 2019/12/03 v1.6 Let assignment for LaTeX macros (HO)
)
(c:/Users/USUARIO/AppData/Roaming/TinyTeX/texmf-dist/tex/latex/auxhook/auxhook.
sty
Package: auxhook 2019-12-17 v1.6 Hooks for auxiliary files (HO)
)
(c:/Users/USUARIO/AppData/Roaming/TinyTeX/texmf-dist/tex/latex/kvoptions/kvopti
ons.sty
Package: kvoptions 2020-10-07 v3.14 Key value format for package options (HO)
)
\@linkdim=\dimen148
\Hy@linkcounter=\count197
\Hy@pagecounter=\count198

(c:/Users/USUARIO/AppData/Roaming/TinyTeX/texmf-dist/tex/latex/hyperref/pd1enc.
def
File: pd1enc.def 2020-05-15 v7.00e Hyperref: PDFDocEncoding definition (HO)
Now handling font encoding PD1 ...
... no UTF-8 mapping file for font encoding PD1
)
(c:/Users/USUARIO/AppData/Roaming/TinyTeX/texmf-dist/tex/generic/intcalc/intcal
c.sty
Package: intcalc 2019/12/15 v1.3 Expandable calculations with integers (HO)
)
(c:/Users/USUARIO/AppData/Roaming/TinyTeX/texmf-dist/tex/generic/etexcmds/etexc
mds.sty
Package: etexcmds 2019/12/15 v1.7 Avoid name clashes with e-TeX commands (HO)
)
\Hy@SavedSpaceFactor=\count199
Package hyperref Info: Option `unicode' set `true' on input line 4338.

(c:/Users/USUARIO/AppData/Roaming/TinyTeX/texmf-dist/tex/latex/hyperref/puenc.d
ef
File: puenc.def 2020-05-15 v7.00e Hyperref: PDF Unicode definition (HO)
Now handling font encoding PU ...
... no UTF-8 mapping file for font encoding PU
)
Package hyperref Info: Hyper figures OFF on input line 4464.
Package hyperref Info: Link nesting OFF on input line 4469.
Package hyperref Info: Hyper index ON on input line 4472.
Package hyperref Info: Plain pages OFF on input line 4479.
Package hyperref Info: Backreferencing OFF on input line 4484.
Package hyperref Info: Implicit mode ON; LaTeX internals redefined.
Package hyperref Info: Bookmarks ON on input line 4717.
\c@Hy@tempcnt=\count266
(c:/Users/USUARIO/AppData/Roaming/TinyTeX/texmf-dist/tex/latex/url/url.sty
\Urlmuskip=\muskip17
Package: url 2013/09/16  ver 3.4  Verb mode for urls, etc.
)
LaTeX Info: Redefining \url on input line 5076.
\XeTeXLinkMargin=\dimen149

(c:/Users/USUARIO/AppData/Roaming/TinyTeX/texmf-dist/tex/generic/bitset/bitset.
sty
Package: bitset 2019/12/09 v1.3 Handle bit-vector datatype (HO)

(c:/Users/USUARIO/AppData/Roaming/TinyTeX/texmf-dist/tex/generic/bigintcalc/big
intcalc.sty
Package: bigintcalc 2019/12/15 v1.5 Expandable calculations on big integers (HO
)
))
\Fld@menulength=\count267
\Field@Width=\dimen150
\Fld@charsize=\dimen151
Package hyperref Info: Hyper figures OFF on input line 6347.
Package hyperref Info: Link nesting OFF on input line 6352.
Package hyperref Info: Hyper index ON on input line 6355.
Package hyperref Info: backreferencing OFF on input line 6362.
Package hyperref Info: Link coloring OFF on input line 6367.
Package hyperref Info: Link coloring with OCG OFF on input line 6372.
Package hyperref Info: PDF/A mode OFF on input line 6377.
LaTeX Info: Redefining \ref on input line 6417.
LaTeX Info: Redefining \pageref on input line 6421.

(c:/Users/USUARIO/AppData/Roaming/TinyTeX/texmf-dist/tex/latex/base/atbegshi-lt
x.sty
Package: atbegshi-ltx 2020/08/17 v1.0a Emulation of the original atbegshi packa
ge
with kernel methods
)
\Hy@abspage=\count268
\c@Item=\count269
\c@Hfootnote=\count270
)
Package hyperref Info: Driver (autodetected): hpdftex.

(c:/Users/USUARIO/AppData/Roaming/TinyTeX/texmf-dist/tex/latex/hyperref/hpdftex
.def
File: hpdftex.def 2020-05-15 v7.00e Hyperref driver for pdfTeX

(c:/Users/USUARIO/AppData/Roaming/TinyTeX/texmf-dist/tex/latex/base/atveryend-l
tx.sty
Package: atveryend-ltx 2020/08/19 v1.0a Emulation of the original atvery packag
e
with kernel methods
)
\Fld@listcount=\count271
\c@bookmark@seq@number=\count272

(c:/Users/USUARIO/AppData/Roaming/TinyTeX/texmf-dist/tex/latex/rerunfilecheck/r
erunfilecheck.sty
Package: rerunfilecheck 2019/12/05 v1.9 Rerun checks for auxiliary files (HO)

(c:/Users/USUARIO/AppData/Roaming/TinyTeX/texmf-dist/tex/generic/uniquecounter/
uniquecounter.sty
Package: uniquecounter 2019/12/15 v1.4 Provide unlimited unique counter (HO)
)
Package uniquecounter Info: New unique counter `rerunfilecheck' on input line 2
86.
)
\Hy@SectionHShift=\skip52
)
(c:/Users/USUARIO/AppData/Roaming/TinyTeX/texmf-dist/tex/latex/geometry/geometr
y.sty
Package: geometry 2020/01/02 v5.9 Page Geometry

(c:/Users/USUARIO/AppData/Roaming/TinyTeX/texmf-dist/tex/generic/iftex/ifvtex.s
ty
Package: ifvtex 2019/10/25 v1.7 ifvtex legacy package. Use iftex instead.
)
\Gm@cnth=\count273
\Gm@cntv=\count274
\c@Gm@tempcnt=\count275
\Gm@bindingoffset=\dimen152
\Gm@wd@mp=\dimen153
\Gm@odd@mp=\dimen154
\Gm@even@mp=\dimen155
\Gm@layoutwidth=\dimen156
\Gm@layoutheight=\dimen157
\Gm@layouthoffset=\dimen158
\Gm@layoutvoffset=\dimen159
\Gm@dimlist=\toks24
)
(c:/Users/USUARIO/AppData/Roaming/TinyTeX/texmf-dist/tex/latex/fancyvrb/fancyvr
b.sty
Package: fancyvrb 2020/05/03 v3.6 verbatim text (tvz,hv)
\FV@CodeLineNo=\count276
\FV@InFile=\read2
\FV@TabBox=\box49
\c@FancyVerbLine=\count277
\FV@StepNumber=\count278
\FV@OutFile=\write3
)
(c:/Users/USUARIO/AppData/Roaming/TinyTeX/texmf-dist/tex/latex/framed/framed.st
y
Package: framed 2011/10/22 v 0.96: framed or shaded text with page breaks
\OuterFrameSep=\skip53
\fb@frw=\dimen160
\fb@frh=\dimen161
\FrameRule=\dimen162
\FrameSep=\dimen163
)
(c:/Users/USUARIO/AppData/Roaming/TinyTeX/texmf-dist/tex/latex/graphics/graphic
x.sty
Package: graphicx 2020/09/09 v1.2b Enhanced LaTeX Graphics (DPC,SPQR)

(c:/Users/USUARIO/AppData/Roaming/TinyTeX/texmf-dist/tex/latex/graphics/graphic
s.sty
Package: graphics 2020/08/30 v1.4c Standard LaTeX Graphics (DPC,SPQR)

(c:/Users/USUARIO/AppData/Roaming/TinyTeX/texmf-dist/tex/latex/graphics/trig.st
y
Package: trig 2016/01/03 v1.10 sin cos tan (DPC)
)
(c:/Users/USUARIO/AppData/Roaming/TinyTeX/texmf-dist/tex/latex/graphics-cfg/gra
phics.cfg
File: graphics.cfg 2016/06/04 v1.11 sample graphics configuration
)
Package graphics Info: Driver file: pdftex.def on input line 105.
)
\Gin@req@height=\dimen164
\Gin@req@width=\dimen165
)
(c:/Users/USUARIO/AppData/Roaming/TinyTeX/texmf-dist/tex/latex/grffile/grffile.
sty
Package: grffile 2019/11/11 v2.1 Extended file name support for graphics (legac
y)
Package grffile Info: This package is an empty stub for compatibility on input 
line 40.
)
(c:/Users/USUARIO/AppData/Roaming/TinyTeX/texmf-dist/tex/latex/l3backend/l3back
end-pdftex.def
File: l3backend-pdftex.def 2020-09-24 L3 backend support: PDF output (pdfTeX)
\l__kernel_color_stack_int=\count279
\l__pdf_internal_box=\box50
) (./PRAC2_Limpieza_Analisis_Datos---Sales.aux)
\openout1 = `PRAC2_Limpieza_Analisis_Datos---Sales.aux'.

LaTeX Font Info:    Checking defaults for OML/cmm/m/it on input line 106.
LaTeX Font Info:    ... okay on input line 106.
LaTeX Font Info:    Checking defaults for OMS/cmsy/m/n on input line 106.
LaTeX Font Info:    ... okay on input line 106.
LaTeX Font Info:    Checking defaults for OT1/cmr/m/n on input line 106.
LaTeX Font Info:    ... okay on input line 106.
LaTeX Font Info:    Checking defaults for T1/cmr/m/n on input line 106.
LaTeX Font Info:    ... okay on input line 106.
LaTeX Font Info:    Checking defaults for TS1/cmr/m/n on input line 106.
LaTeX Font Info:    ... okay on input line 106.
LaTeX Font Info:    Checking defaults for OMX/cmex/m/n on input line 106.
LaTeX Font Info:    ... okay on input line 106.
LaTeX Font Info:    Checking defaults for U/cmr/m/n on input line 106.
LaTeX Font Info:    ... okay on input line 106.
LaTeX Font Info:    Checking defaults for PD1/pdf/m/n on input line 106.
LaTeX Font Info:    ... okay on input line 106.
LaTeX Font Info:    Checking defaults for PU/pdf/m/n on input line 106.
LaTeX Font Info:    ... okay on input line 106.

(c:/Users/USUARIO/AppData/Roaming/TinyTeX/texmf-dist/tex/latex/epstopdf-pkg/eps
topdf-base.sty
Package: epstopdf-base 2020-01-24 v2.11 Base part for package epstopdf
Package epstopdf-base Info: Redefining graphics rule for `.eps' on input line 4
85.

(c:/Users/USUARIO/AppData/Roaming/TinyTeX/texmf-dist/tex/latex/latexconfig/epst
opdf-sys.cfg
File: epstopdf-sys.cfg 2010/07/13 v1.3 Configuration of (r)epstopdf for TeX Liv
e
))
Package hyperref Info: Link coloring OFF on input line 106.

(c:/Users/USUARIO/AppData/Roaming/TinyTeX/texmf-dist/tex/latex/hyperref/nameref
.sty
Package: nameref 2019/09/16 v2.46 Cross-referencing by name of section

(c:/Users/USUARIO/AppData/Roaming/TinyTeX/texmf-dist/tex/latex/refcount/refcoun
t.sty
Package: refcount 2019/12/15 v3.6 Data extraction from label references (HO)
)
(c:/Users/USUARIO/AppData/Roaming/TinyTeX/texmf-dist/tex/generic/gettitlestring
/gettitlestring.sty
Package: gettitlestring 2019/12/15 v1.6 Cleanup title references (HO)
)
\c@section@level=\count280
)
LaTeX Info: Redefining \ref on input line 106.
LaTeX Info: Redefining \pageref on input line 106.
LaTeX Info: Redefining \nameref on input line 106.
(./PRAC2_Limpieza_Analisis_Datos---Sales.out) (./PRAC2_Limpieza_Analisis_Datos-
--Sales.out)
\@outlinefile=\write4
\openout4 = `PRAC2_Limpieza_Analisis_Datos---Sales.out'.

*geometry* driver: auto-detecting
*geometry* detected driver: pdftex
*geometry* verbose mode - [ preamble ] result:
* driver: pdftex
* paper: <default>
* layout: <same size as paper>
* layoutoffset:(h,v)=(0.0pt,0.0pt)
* modes: 
* h-part:(L,W,R)=(72.26999pt, 469.75502pt, 72.26999pt)
* v-part:(T,H,B)=(72.26999pt, 650.43001pt, 72.26999pt)
* \paperwidth=614.295pt
* \paperheight=794.96999pt
* \textwidth=469.75502pt
* \textheight=650.43001pt
* \oddsidemargin=0.0pt
* \evensidemargin=0.0pt
* \topmargin=-37.0pt
* \headheight=12.0pt
* \headsep=25.0pt
* \topskip=10.0pt
* \footskip=30.0pt
* \marginparwidth=65.0pt
* \marginparsep=11.0pt
* \columnsep=10.0pt
* \skip\footins=9.0pt plus 4.0pt minus 2.0pt
* \hoffset=0.0pt
* \voffset=0.0pt
* \mag=1000
* \@twocolumnfalse
* \@twosidefalse
* \@mparswitchfalse
* \@reversemarginfalse
* (1in=72.27pt=25.4mm, 1cm=28.453pt)

LaTeX Font Info:    Trying to load font information for OT1+lmr on input line 1
08.
(c:/Users/USUARIO/AppData/Roaming/TinyTeX/texmf-dist/tex/latex/lm/ot1lmr.fd
File: ot1lmr.fd 2009/10/30 v1.6 Font defs for Latin Modern
)
LaTeX Font Info:    Trying to load font information for OML+lmm on input line 1
08.
(c:/Users/USUARIO/AppData/Roaming/TinyTeX/texmf-dist/tex/latex/lm/omllmm.fd
File: omllmm.fd 2009/10/30 v1.6 Font defs for Latin Modern
)
LaTeX Font Info:    Trying to load font information for OMS+lmsy on input line 
108.
(c:/Users/USUARIO/AppData/Roaming/TinyTeX/texmf-dist/tex/latex/lm/omslmsy.fd
File: omslmsy.fd 2009/10/30 v1.6 Font defs for Latin Modern
)
LaTeX Font Info:    Trying to load font information for OMX+lmex on input line 
108.
(c:/Users/USUARIO/AppData/Roaming/TinyTeX/texmf-dist/tex/latex/lm/omxlmex.fd
File: omxlmex.fd 2009/10/30 v1.6 Font defs for Latin Modern
)
LaTeX Font Info:    External font `lmex10' loaded for size
(Font)              <12> on input line 108.
LaTeX Font Info:    External font `lmex10' loaded for size
(Font)              <8> on input line 108.
LaTeX Font Info:    External font `lmex10' loaded for size
(Font)              <6> on input line 108.
LaTeX Font Info:    Trying to load font information for U+msa on input line 108
.

(c:/Users/USUARIO/AppData/Roaming/TinyTeX/texmf-dist/tex/latex/amsfonts/umsa.fd
File: umsa.fd 2013/01/14 v3.01 AMS symbols A
)
LaTeX Font Info:    Trying to load font information for U+msb on input line 108
.

(c:/Users/USUARIO/AppData/Roaming/TinyTeX/texmf-dist/tex/latex/amsfonts/umsb.fd
File: umsb.fd 2013/01/14 v3.01 AMS symbols B
) (./PRAC2_Limpieza_Analisis_Datos---Sales.toc
LaTeX Font Info:    External font `lmex10' loaded for size
(Font)              <10> on input line 8.
LaTeX Font Info:    External font `lmex10' loaded for size
(Font)              <7> on input line 8.
LaTeX Font Info:    External font `lmex10' loaded for size
(Font)              <5> on input line 8.
[1

{c:/Users/USUARIO/AppData/Roaming/TinyTeX/texmf-var/fonts/map/pdftex/updmap/pdf
tex.map}])
\tf@toc=\write5
\openout5 = `PRAC2_Limpieza_Analisis_Datos---Sales.toc'.

LaTeX Font Info:    Trying to load font information for TS1+lmr on input line 1
29.
(c:/Users/USUARIO/AppData/Roaming/TinyTeX/texmf-dist/tex/latex/lm/ts1lmr.fd
File: ts1lmr.fd 2009/10/30 v1.6 Font defs for Latin Modern
) [2] [3] [4]
LaTeX Font Info:    Trying to load font information for T1+lmtt on input line 3
38.
(c:/Users/USUARIO/AppData/Roaming/TinyTeX/texmf-dist/tex/latex/lm/t1lmtt.fd
File: t1lmtt.fd 2009/10/30 v1.6 Font defs for Latin Modern
)
Overfull \hbox (4.63449pt too wide) in paragraph at lines 408--415
[]\T1/lmr/m/n/10 price, re-tail_price, units_sold, uses_ad_boosts, rat-ing, rat
-ing_count, rat-ing_five_count,rating_four_count,
 []


Overfull \hbox (58.46779pt too wide) in paragraph at lines 408--415
\T1/lmr/m/n/10 rat-ing_three_count,rating_two_count,rating_one_count,badges_cou
nt, badge_local_product,badge_product_quality,
 []


Overfull \hbox (208.5239pt too wide) in paragraph at lines 408--415
\T1/lmr/m/n/10 badge_fast_shipping,Tags,product_color,product_variation_invento
ry, ship-ping_is_express,countries_shipped_to,inventory_total,has_urgency_banne
r,
 []

[5]
LaTeX Font Info:    Font shape `T1/lmtt/bx/n' in size <10> not available
(Font)              Font shape `T1/lmtt/b/n' tried instead on input line 429.
[6]
Overfull \hbox (45.66211pt too wide) in paragraph at lines 495--503
\T1/lmr/m/n/10 ing_three_count,rating_two_count,rating_one_count,badges_count,b
adge_local_product, badge_product_quality,
 []


Overfull \hbox (183.74622pt too wide) in paragraph at lines 495--503
\T1/lmr/m/n/10 badge_fast_shipping,tags,product_color,product_variation_invento
ry, ship-ping_is_express,countries_shipped_to,inventory_total,merchant_rating 
 []

[7]
Overfull \hbox (66.71738pt too wide) in paragraph at lines 591--597
[]\T1/lmr/m/n/10 Los 45 val-ores NA de-tec-ta-dos en las vari-ables rat-ing_fiv
e_count,rating_four_count,rating_three_count,rating_two_count,
 []

[8] [9]
Underfull \vbox (badness 10000) detected at line 761
 []


Underfull \vbox (badness 10000) detected at line 761
 []

[10] [11] [12] [13]
<PRAC2_Limpieza_Analisis_Datos---Sales_files/figure-latex/unnamed-chunk-15-1.pd
f, id=208, 469.755pt x 325.215pt>
File: PRAC2_Limpieza_Analisis_Datos---Sales_files/figure-latex/unnamed-chunk-15
-1.pdf Graphic file (type pdf)
<use PRAC2_Limpieza_Analisis_Datos---Sales_files/figure-latex/unnamed-chunk-15-
1.pdf>
Package pdftex.def Info: PRAC2_Limpieza_Analisis_Datos---Sales_files/figure-lat
ex/unnamed-chunk-15-1.pdf  used on input line 940.
(pdftex.def)             Requested size: 469.75386pt x 325.2142pt.
[14 <./PRAC2_Limpieza_Analisis_Datos---Sales_files/figure-latex/unnamed-chunk-1
5-1.pdf>]
<PRAC2_Limpieza_Analisis_Datos---Sales_files/figure-latex/unnamed-chunk-17-1.pd
f, id=218, 469.755pt x 325.215pt>
File: PRAC2_Limpieza_Analisis_Datos---Sales_files/figure-latex/unnamed-chunk-17
-1.pdf Graphic file (type pdf)
<use PRAC2_Limpieza_Analisis_Datos---Sales_files/figure-latex/unnamed-chunk-17-
1.pdf>
Package pdftex.def Info: PRAC2_Limpieza_Analisis_Datos---Sales_files/figure-lat
ex/unnamed-chunk-17-1.pdf  used on input line 968.
(pdftex.def)             Requested size: 469.75386pt x 325.2142pt.
[15 <./PRAC2_Limpieza_Analisis_Datos---Sales_files/figure-latex/unnamed-chunk-1
7-1.pdf>]
<PRAC2_Limpieza_Analisis_Datos---Sales_files/figure-latex/unnamed-chunk-18-1.pd
f, id=228, 469.755pt x 325.215pt>
File: PRAC2_Limpieza_Analisis_Datos---Sales_files/figure-latex/unnamed-chunk-18
-1.pdf Graphic file (type pdf)
<use PRAC2_Limpieza_Analisis_Datos---Sales_files/figure-latex/unnamed-chunk-18-
1.pdf>
Package pdftex.def Info: PRAC2_Limpieza_Analisis_Datos---Sales_files/figure-lat
ex/unnamed-chunk-18-1.pdf  used on input line 1001.
(pdftex.def)             Requested size: 469.75386pt x 325.2142pt.
[16 <./PRAC2_Limpieza_Analisis_Datos---Sales_files/figure-latex/unnamed-chunk-1
8-1.pdf>] [17] [18] [19]
LaTeX Font Info:    Trying to load font information for TS1+lmtt on input line 
1312.
(c:/Users/USUARIO/AppData/Roaming/TinyTeX/texmf-dist/tex/latex/lm/ts1lmtt.fd
File: ts1lmtt.fd 2009/10/30 v1.6 Font defs for Latin Modern
)
<PRAC2_Limpieza_Analisis_Datos---Sales_files/figure-latex/unnamed-chunk-37-1.pd
f, id=256, 469.755pt x 325.215pt>
File: PRAC2_Limpieza_Analisis_Datos---Sales_files/figure-latex/unnamed-chunk-37
-1.pdf Graphic file (type pdf)
<use PRAC2_Limpieza_Analisis_Datos---Sales_files/figure-latex/unnamed-chunk-37-
1.pdf>
Package pdftex.def Info: PRAC2_Limpieza_Analisis_Datos---Sales_files/figure-lat
ex/unnamed-chunk-37-1.pdf  used on input line 1314.
(pdftex.def)             Requested size: 469.75386pt x 325.2142pt.
[20]
<PRAC2_Limpieza_Analisis_Datos---Sales_files/figure-latex/unnamed-chunk-38-1.pd
f, id=262, 469.755pt x 325.215pt>
File: PRAC2_Limpieza_Analisis_Datos---Sales_files/figure-latex/unnamed-chunk-38
-1.pdf Graphic file (type pdf)
<use PRAC2_Limpieza_Analisis_Datos---Sales_files/figure-latex/unnamed-chunk-38-
1.pdf>
Package pdftex.def Info: PRAC2_Limpieza_Analisis_Datos---Sales_files/figure-lat
ex/unnamed-chunk-38-1.pdf  used on input line 1323.
(pdftex.def)             Requested size: 469.75386pt x 325.2142pt.
[21 <./PRAC2_Limpieza_Analisis_Datos---Sales_files/figure-latex/unnamed-chunk-3
7-1.pdf>] [22 <./PRAC2_Limpieza_Analisis_Datos---Sales_files/figure-latex/unnam
ed-chunk-38-1.pdf>] [23] [24]
Overfull \hbox (44.74348pt too wide) in paragraph at lines 1555--1555
[]\T1/lmtt/m/n/10 ## data:  SalesSummerObj.rating.interval.tres$price and Sales
SummerObj.rating.interval.cinco$price[] 
 []


Overfull \hbox (97.24333pt too wide) in paragraph at lines 1589--1589
[]\T1/lmtt/m/n/10 ## data:  SalesSummerObj.badget.productquality.cero$price and
 SalesSummerObj.badget.productquality.uno$price[] 
 []


Overfull \hbox (23.74355pt too wide) in paragraph at lines 1621--1621
[]\T1/lmtt/m/n/10 ## data:  SalesSummerObj.uses.ad.boosts.cero$price and SalesS
ummerObj.uses.ad.boosts.uno$price[] 
 []

[25] [26]

LaTeX Warning: Command \' invalid in math mode on input line 1745.

[27] [28]
<PRAC2_Limpieza_Analisis_Datos---Sales_files/figure-latex/unnamed-chunk-52-1.pd
f, id=318, 469.755pt x 325.215pt>
File: PRAC2_Limpieza_Analisis_Datos---Sales_files/figure-latex/unnamed-chunk-52
-1.pdf Graphic file (type pdf)
<use PRAC2_Limpieza_Analisis_Datos---Sales_files/figure-latex/unnamed-chunk-52-
1.pdf>
Package pdftex.def Info: PRAC2_Limpieza_Analisis_Datos---Sales_files/figure-lat
ex/unnamed-chunk-52-1.pdf  used on input line 1862.
(pdftex.def)             Requested size: 469.75386pt x 325.2142pt.
[29 <./PRAC2_Limpieza_Analisis_Datos---Sales_files/figure-latex/unnamed-chunk-5
2-1.pdf>] [30] [31] [32]
<PRAC2_Limpieza_Analisis_Datos---Sales_files/figure-latex/unnamed-chunk-61-1.pd
f, id=347, 469.755pt x 325.215pt>
File: PRAC2_Limpieza_Analisis_Datos---Sales_files/figure-latex/unnamed-chunk-61
-1.pdf Graphic file (type pdf)
<use PRAC2_Limpieza_Analisis_Datos---Sales_files/figure-latex/unnamed-chunk-61-
1.pdf>
Package pdftex.def Info: PRAC2_Limpieza_Analisis_Datos---Sales_files/figure-lat
ex/unnamed-chunk-61-1.pdf  used on input line 2129.
(pdftex.def)             Requested size: 469.75386pt x 325.2142pt.
[33]
Underfull \hbox (badness 10000) in paragraph at lines 2153--2155
[]\T1/lmr/m/n/10 Modelos con Vari-ables Cual-i-ta-ti-vas: []$https : / / bookdo
wn . org / content / 2274 / modelos -[] con -[] variables -[]
 []


Overfull \hbox (35.74573pt too wide) in paragraph at lines 2156--2158
[]\T1/lmr/m/n/10 Estadística con-cep-tos clave: []$https : / / www . usj . es /
 sites / default / ^^\les / tarjetas / aprendizaje / EstadisticaConceptosClave 
.
 []


Underfull \hbox (badness 7540) in paragraph at lines 2162--2164
[]\T1/lmr/m/n/10 Correlación: teoría y prác-tica: []$https : / / www . ccg . un
am . mx / ~vinuesa / R4biosciences / docs / Tema8 _
 []


Underfull \hbox (badness 3557) in paragraph at lines 2165--2168
\T1/lmr/m/n/10 Ne-mar y Q-Cochran: []$https : / / www . cienciadedatos . net / 
documentos / 22 . 2 _ test _ exacto _ de _ ^^\sher _ chi -[]
 []

[34 <./PRAC2_Limpieza_Analisis_Datos---Sales_files/figure-latex/unnamed-chunk-6
1-1.pdf>]
Underfull \hbox (badness 1946) in paragraph at lines 2174--2177
[]\T1/lmr/m/n/10 Test es-tadís-ti-cos para vari-ables cual-i-ta-ti-vas: test bi
-no-mial ex-acto, test multi-no-mial y test chi-
 []


Underfull \hbox (badness 10000) in paragraph at lines 2174--2177
\T1/lmr/m/n/10 cuadrado goodnes of fit:[]$https : / / www . cienciadedatos . ne
t / documentos / 22 . 1 _ test _ binomial _ exacto _
 []


Overfull \hbox (230.24362pt too wide) in paragraph at lines 2178--2181
\T1/lmr/m/n/10 capaci-dad: []$https : / / masteres . ugr . es / moea / pages / 
tfm1011 / modelosderespuestamultinomialconraplicacionparaelestudiodeladepresion
enpacientescondiscapacidad/$[]! 
 []


Overfull \hbox (105.13174pt too wide) in paragraph at lines 2182--2185
[]\T1/lmr/m/n/10 Regresión Logís-tica Multi-no-mial: Multi-no-mi-al-http://halw
eb.uc3m.es/esp/Personal/personas/jmmarin/esp/Categor/Tema5Cate.pdf
 []

[35] (./PRAC2_Limpieza_Analisis_Datos---Sales.aux)
Package rerunfilecheck Info: File `PRAC2_Limpieza_Analisis_Datos---Sales.out' h
as not changed.
(rerunfilecheck)             Checksum: 0829F470E008334305F56195574CC3D4;6146.
 ) 
Here is how much of TeX's memory you used:
 11110 strings out of 481305
 165343 string characters out of 5914853
 484003 words of memory out of 5000000
 27695 multiletter control sequences out of 15000+600000
 454612 words of font info for 71 fonts, out of 8000000 for 9000
 14 hyphenation exceptions out of 8191
 66i,6n,72p,481b,468s stack positions out of 5000i,500n,10000p,200000b,80000s
{c:/Users/USUARIO/AppData/Roaming/TinyTeX/texmf-dist/fonts/enc/dvips/lm/lm-ma
thsy.enc}{c:/Users/USUARIO/AppData/Roaming/TinyTeX/texmf-dist/fonts/enc/dvips/l
m/lm-mathex.enc}{c:/Users/USUARIO/AppData/Roaming/TinyTeX/texmf-dist/fonts/enc/
dvips/lm/lm-rm.enc}{c:/Users/USUARIO/AppData/Roaming/TinyTeX/texmf-dist/fonts/e
nc/dvips/lm/lm-mathit.enc}{c:/Users/USUARIO/AppData/Roaming/TinyTeX/texmf-dist/
fonts/enc/dvips/lm/lm-ts1.enc}{c:/Users/USUARIO/AppData/Roaming/TinyTeX/texmf-d
ist/fonts/enc/dvips/lm/lm-ec.enc}<c:/Users/USUARIO/AppData/Roaming/TinyTeX/texm
f-dist/fonts/type1/public/lm/lmbx10.pfb><c:/Users/USUARIO/AppData/Roaming/TinyT
eX/texmf-dist/fonts/type1/public/lm/lmbx12.pfb><c:/Users/USUARIO/AppData/Roamin
g/TinyTeX/texmf-dist/fonts/type1/public/lm/lmbxi10.pfb><c:/Users/USUARIO/AppDat
a/Roaming/TinyTeX/texmf-dist/fonts/type1/public/lm/lmex10.pfb><c:/Users/USUARIO
/AppData/Roaming/TinyTeX/texmf-dist/fonts/type1/public/lm/lmmi10.pfb><c:/Users/
USUARIO/AppData/Roaming/TinyTeX/texmf-dist/fonts/type1/public/lm/lmmi7.pfb><c:/
Users/USUARIO/AppData/Roaming/TinyTeX/texmf-dist/fonts/type1/public/lm/lmr10.pf
b><c:/Users/USUARIO/AppData/Roaming/TinyTeX/texmf-dist/fonts/type1/public/lm/lm
r12.pfb><c:/Users/USUARIO/AppData/Roaming/TinyTeX/texmf-dist/fonts/type1/public
/lm/lmr17.pfb><c:/Users/USUARIO/AppData/Roaming/TinyTeX/texmf-dist/fonts/type1/
public/lm/lmr5.pfb><c:/Users/USUARIO/AppData/Roaming/TinyTeX/texmf-dist/fonts/t
ype1/public/lm/lmr7.pfb><c:/Users/USUARIO/AppData/Roaming/TinyTeX/texmf-dist/fo
nts/type1/public/lm/lmsy10.pfb><c:/Users/USUARIO/AppData/Roaming/TinyTeX/texmf-
dist/fonts/type1/public/lm/lmsy7.pfb><c:/Users/USUARIO/AppData/Roaming/TinyTeX/
texmf-dist/fonts/type1/public/lm/lmtk10.pfb><c:/Users/USUARIO/AppData/Roaming/T
inyTeX/texmf-dist/fonts/type1/public/lm/lmtt10.pfb><c:/Users/USUARIO/AppData/Ro
aming/TinyTeX/texmf-dist/fonts/type1/public/lm/lmtti10.pfb>
Output written on PRAC2_Limpieza_Analisis_Datos---Sales.pdf (35 pages, 445378 b
ytes).
PDF statistics:
 466 PDF objects out of 1000 (max. 8388607)
 394 compressed objects within 4 object streams
 87 named destinations out of 1000 (max. 500000)
 236 words of extra memory for PDF output out of 10000 (max. 10000000)

